<?xml version="1.0" encoding="UTF-8"?>
<testsuite xmlns:xsi="http://www.w3.org/2001/XMLSchema-instance" xsi:noNamespaceSchemaLocation="https://maven.apache.org/surefire/maven-surefire-plugin/xsd/surefire-test-report-3.0.xsd" version="3.0" name="TestSuite" time="35.152" tests="1" errors="0" skipped="0" failures="0">
  <properties>
    <property name="java.specification.version" value="15"/>
    <property name="sun.jnu.encoding" value="UTF-8"/>
    <property name="java.class.path" value="/Users/applea1278/Downloads/Cucumber-TestNG-Selenium-zebrunner/target/test-classes:/Users/applea1278/Downloads/Cucumber-TestNG-Selenium-zebrunner/target/classes:/Users/applea1278/.m2/repository/org/testng/testng/7.3.0/testng-7.3.0.jar:/Users/applea1278/.m2/repository/com/beust/jcommander/1.78/jcommander-1.78.jar:/Users/applea1278/.m2/repository/org/apache/ant/ant/1.10.3/ant-1.10.3.jar:/Users/applea1278/.m2/repository/org/apache/ant/ant-launcher/1.10.3/ant-launcher-1.10.3.jar:/Users/applea1278/.m2/repository/junit/junit/4.12/junit-4.12.jar:/Users/applea1278/.m2/repository/org/hamcrest/hamcrest-core/1.3/hamcrest-core-1.3.jar:/Users/applea1278/.m2/repository/com/google/inject/guice/4.2.2/guice-4.2.2-no_aop.jar:/Users/applea1278/.m2/repository/javax/inject/javax.inject/1/javax.inject-1.jar:/Users/applea1278/.m2/repository/aopalliance/aopalliance/1.0/aopalliance-1.0.jar:/Users/applea1278/.m2/repository/org/yaml/snakeyaml/1.21/snakeyaml-1.21.jar:/Users/applea1278/.m2/repository/net/bytebuddy/byte-buddy/1.10.18/byte-buddy-1.10.18.jar:/Users/applea1278/.m2/repository/com/zebrunner/agent-testng/1.4.0/agent-testng-1.4.0.jar:/Users/applea1278/.m2/repository/com/zebrunner/agent-core/1.4.0/agent-core-1.4.0.jar:/Users/applea1278/.m2/repository/com/konghq/unirest-java/3.6.01/unirest-java-3.6.01.jar:/Users/applea1278/.m2/repository/org/apache/httpcomponents/httpmime/4.5.11/httpmime-4.5.11.jar:/Users/applea1278/.m2/repository/org/apache/httpcomponents/httpcore-nio/4.4.13/httpcore-nio-4.4.13.jar:/Users/applea1278/.m2/repository/org/apache/httpcomponents/httpasyncclient/4.1.4/httpasyncclient-4.1.4.jar:/Users/applea1278/.m2/repository/com/google/code/gson/gson/2.8.6/gson-2.8.6.jar:/Users/applea1278/.m2/repository/org/slf4j/slf4j-api/1.7.30/slf4j-api-1.7.30.jar:/Users/applea1278/.m2/repository/ch/qos/logback/logback-core/1.2.3/logback-core-1.2.3.jar:/Users/applea1278/.m2/repository/ch/qos/logback/logback-classic/1.2.3/logback-classic-1.2.3.jar:/Users/applea1278/.m2/repository/org/seleniumhq/selenium/selenium-java/3.11.0/selenium-java-3.11.0.jar:/Users/applea1278/.m2/repository/org/seleniumhq/selenium/selenium-api/3.11.0/selenium-api-3.11.0.jar:/Users/applea1278/.m2/repository/org/seleniumhq/selenium/selenium-chrome-driver/3.11.0/selenium-chrome-driver-3.11.0.jar:/Users/applea1278/.m2/repository/org/seleniumhq/selenium/selenium-edge-driver/3.11.0/selenium-edge-driver-3.11.0.jar:/Users/applea1278/.m2/repository/org/seleniumhq/selenium/selenium-firefox-driver/3.11.0/selenium-firefox-driver-3.11.0.jar:/Users/applea1278/.m2/repository/org/seleniumhq/selenium/selenium-ie-driver/3.11.0/selenium-ie-driver-3.11.0.jar:/Users/applea1278/.m2/repository/org/seleniumhq/selenium/selenium-opera-driver/3.11.0/selenium-opera-driver-3.11.0.jar:/Users/applea1278/.m2/repository/org/seleniumhq/selenium/selenium-remote-driver/3.11.0/selenium-remote-driver-3.11.0.jar:/Users/applea1278/.m2/repository/org/seleniumhq/selenium/selenium-safari-driver/3.11.0/selenium-safari-driver-3.11.0.jar:/Users/applea1278/.m2/repository/org/seleniumhq/selenium/selenium-support/3.11.0/selenium-support-3.11.0.jar:/Users/applea1278/.m2/repository/org/apache/commons/commons-exec/1.3/commons-exec-1.3.jar:/Users/applea1278/.m2/repository/commons-codec/commons-codec/1.10/commons-codec-1.10.jar:/Users/applea1278/.m2/repository/commons-logging/commons-logging/1.2/commons-logging-1.2.jar:/Users/applea1278/.m2/repository/com/google/guava/guava/23.6-jre/guava-23.6-jre.jar:/Users/applea1278/.m2/repository/com/google/code/findbugs/jsr305/1.3.9/jsr305-1.3.9.jar:/Users/applea1278/.m2/repository/org/checkerframework/checker-compat-qual/2.0.0/checker-compat-qual-2.0.0.jar:/Users/applea1278/.m2/repository/com/google/errorprone/error_prone_annotations/2.1.3/error_prone_annotations-2.1.3.jar:/Users/applea1278/.m2/repository/com/google/j2objc/j2objc-annotations/1.1/j2objc-annotations-1.1.jar:/Users/applea1278/.m2/repository/org/codehaus/mojo/animal-sniffer-annotations/1.14/animal-sniffer-annotations-1.14.jar:/Users/applea1278/.m2/repository/org/apache/httpcomponents/httpclient/4.5.3/httpclient-4.5.3.jar:/Users/applea1278/.m2/repository/org/apache/httpcomponents/httpcore/4.4.6/httpcore-4.4.6.jar:/Users/applea1278/.m2/repository/com/squareup/okhttp3/okhttp/3.9.1/okhttp-3.9.1.jar:/Users/applea1278/.m2/repository/com/squareup/okio/okio/1.13.0/okio-1.13.0.jar:/Users/applea1278/.m2/repository/info/cukes/cucumber-java/1.2.5/cucumber-java-1.2.5.jar:/Users/applea1278/.m2/repository/info/cukes/cucumber-core/1.2.5/cucumber-core-1.2.5.jar:/Users/applea1278/.m2/repository/info/cukes/cucumber-html/0.2.3/cucumber-html-0.2.3.jar:/Users/applea1278/.m2/repository/info/cukes/gherkin/2.12.2/gherkin-2.12.2.jar:/Users/applea1278/.m2/repository/info/cukes/cucumber-jvm-deps/1.0.5/cucumber-jvm-deps-1.0.5.jar:/Users/applea1278/.m2/repository/info/cukes/cucumber-testng/1.2.5/cucumber-testng-1.2.5.jar:/Users/applea1278/.m2/repository/net/masterthought/cucumber-reporting/3.8.0/cucumber-reporting-3.8.0.jar:/Users/applea1278/.m2/repository/org/apache/logging/log4j/log4j-api/2.6/log4j-api-2.6.jar:/Users/applea1278/.m2/repository/org/apache/logging/log4j/log4j-core/2.6/log4j-core-2.6.jar:/Users/applea1278/.m2/repository/com/fasterxml/jackson/core/jackson-databind/2.8.5/jackson-databind-2.8.5.jar:/Users/applea1278/.m2/repository/com/fasterxml/jackson/core/jackson-annotations/2.8.0/jackson-annotations-2.8.0.jar:/Users/applea1278/.m2/repository/com/fasterxml/jackson/core/jackson-core/2.8.5/jackson-core-2.8.5.jar:/Users/applea1278/.m2/repository/org/apache/velocity/velocity/1.7/velocity-1.7.jar:/Users/applea1278/.m2/repository/commons-collections/commons-collections/3.2.1/commons-collections-3.2.1.jar:/Users/applea1278/.m2/repository/commons-lang/commons-lang/2.4/commons-lang-2.4.jar:/Users/applea1278/.m2/repository/velocity-tools/velocity-tools/1.4/velocity-tools-1.4.jar:/Users/applea1278/.m2/repository/joda-time/joda-time/2.9.6/joda-time-2.9.6.jar:/Users/applea1278/.m2/repository/org/apache/commons/commons-lang3/3.5/commons-lang3-3.5.jar:/Users/applea1278/.m2/repository/commons-io/commons-io/2.5/commons-io-2.5.jar:/Users/applea1278/.m2/repository/net/lingala/zip4j/zip4j/1.3.2/zip4j-1.3.2.jar:/Users/applea1278/.m2/repository/org/codehaus/plexus/plexus-utils/3.0.24/plexus-utils-3.0.24.jar:/Users/applea1278/.m2/repository/org/jsoup/jsoup/1.10.1/jsoup-1.10.1.jar:/Users/applea1278/.m2/repository/com/googlecode/owasp-java-html-sanitizer/owasp-java-html-sanitizer/20160924.1/owasp-java-html-sanitizer-20160924.1.jar:"/>
    <property name="java.vm.vendor" value="Oracle Corporation"/>
    <property name="sun.arch.data.model" value="64"/>
    <property name="java.vendor.url" value="https://java.oracle.com/"/>
    <property name="user.timezone" value="Asia/Kolkata"/>
    <property name="os.name" value="Mac OS X"/>
    <property name="java.vm.specification.version" value="15"/>
    <property name="sun.java.launcher" value="SUN_STANDARD"/>
    <property name="user.country" value="GB"/>
    <property name="sun.boot.library.path" value="/Users/applea1278/Library/Java/JavaVirtualMachines/openjdk-15.0.1/Contents/Home/lib"/>
    <property name="sun.java.command" value="/Users/applea1278/Downloads/Cucumber-TestNG-Selenium-zebrunner/target/surefire/surefirebooter12278330192466072519.jar /Users/applea1278/Downloads/Cucumber-TestNG-Selenium-zebrunner/target/surefire 2021-04-20T18-31-21_761-jvmRun1 surefire336939332689275537tmp surefire_03443201230897535158tmp"/>
    <property name="http.nonProxyHosts" value="local|*.local|169.254/16|*.169.254/16"/>
    <property name="jdk.debug" value="release"/>
    <property name="surefire.test.class.path" value="/Users/applea1278/Downloads/Cucumber-TestNG-Selenium-zebrunner/target/test-classes:/Users/applea1278/Downloads/Cucumber-TestNG-Selenium-zebrunner/target/classes:/Users/applea1278/.m2/repository/org/testng/testng/7.3.0/testng-7.3.0.jar:/Users/applea1278/.m2/repository/com/beust/jcommander/1.78/jcommander-1.78.jar:/Users/applea1278/.m2/repository/org/apache/ant/ant/1.10.3/ant-1.10.3.jar:/Users/applea1278/.m2/repository/org/apache/ant/ant-launcher/1.10.3/ant-launcher-1.10.3.jar:/Users/applea1278/.m2/repository/junit/junit/4.12/junit-4.12.jar:/Users/applea1278/.m2/repository/org/hamcrest/hamcrest-core/1.3/hamcrest-core-1.3.jar:/Users/applea1278/.m2/repository/com/google/inject/guice/4.2.2/guice-4.2.2-no_aop.jar:/Users/applea1278/.m2/repository/javax/inject/javax.inject/1/javax.inject-1.jar:/Users/applea1278/.m2/repository/aopalliance/aopalliance/1.0/aopalliance-1.0.jar:/Users/applea1278/.m2/repository/org/yaml/snakeyaml/1.21/snakeyaml-1.21.jar:/Users/applea1278/.m2/repository/net/bytebuddy/byte-buddy/1.10.18/byte-buddy-1.10.18.jar:/Users/applea1278/.m2/repository/com/zebrunner/agent-testng/1.4.0/agent-testng-1.4.0.jar:/Users/applea1278/.m2/repository/com/zebrunner/agent-core/1.4.0/agent-core-1.4.0.jar:/Users/applea1278/.m2/repository/com/konghq/unirest-java/3.6.01/unirest-java-3.6.01.jar:/Users/applea1278/.m2/repository/org/apache/httpcomponents/httpmime/4.5.11/httpmime-4.5.11.jar:/Users/applea1278/.m2/repository/org/apache/httpcomponents/httpcore-nio/4.4.13/httpcore-nio-4.4.13.jar:/Users/applea1278/.m2/repository/org/apache/httpcomponents/httpasyncclient/4.1.4/httpasyncclient-4.1.4.jar:/Users/applea1278/.m2/repository/com/google/code/gson/gson/2.8.6/gson-2.8.6.jar:/Users/applea1278/.m2/repository/org/slf4j/slf4j-api/1.7.30/slf4j-api-1.7.30.jar:/Users/applea1278/.m2/repository/ch/qos/logback/logback-core/1.2.3/logback-core-1.2.3.jar:/Users/applea1278/.m2/repository/ch/qos/logback/logback-classic/1.2.3/logback-classic-1.2.3.jar:/Users/applea1278/.m2/repository/org/seleniumhq/selenium/selenium-java/3.11.0/selenium-java-3.11.0.jar:/Users/applea1278/.m2/repository/org/seleniumhq/selenium/selenium-api/3.11.0/selenium-api-3.11.0.jar:/Users/applea1278/.m2/repository/org/seleniumhq/selenium/selenium-chrome-driver/3.11.0/selenium-chrome-driver-3.11.0.jar:/Users/applea1278/.m2/repository/org/seleniumhq/selenium/selenium-edge-driver/3.11.0/selenium-edge-driver-3.11.0.jar:/Users/applea1278/.m2/repository/org/seleniumhq/selenium/selenium-firefox-driver/3.11.0/selenium-firefox-driver-3.11.0.jar:/Users/applea1278/.m2/repository/org/seleniumhq/selenium/selenium-ie-driver/3.11.0/selenium-ie-driver-3.11.0.jar:/Users/applea1278/.m2/repository/org/seleniumhq/selenium/selenium-opera-driver/3.11.0/selenium-opera-driver-3.11.0.jar:/Users/applea1278/.m2/repository/org/seleniumhq/selenium/selenium-remote-driver/3.11.0/selenium-remote-driver-3.11.0.jar:/Users/applea1278/.m2/repository/org/seleniumhq/selenium/selenium-safari-driver/3.11.0/selenium-safari-driver-3.11.0.jar:/Users/applea1278/.m2/repository/org/seleniumhq/selenium/selenium-support/3.11.0/selenium-support-3.11.0.jar:/Users/applea1278/.m2/repository/org/apache/commons/commons-exec/1.3/commons-exec-1.3.jar:/Users/applea1278/.m2/repository/commons-codec/commons-codec/1.10/commons-codec-1.10.jar:/Users/applea1278/.m2/repository/commons-logging/commons-logging/1.2/commons-logging-1.2.jar:/Users/applea1278/.m2/repository/com/google/guava/guava/23.6-jre/guava-23.6-jre.jar:/Users/applea1278/.m2/repository/com/google/code/findbugs/jsr305/1.3.9/jsr305-1.3.9.jar:/Users/applea1278/.m2/repository/org/checkerframework/checker-compat-qual/2.0.0/checker-compat-qual-2.0.0.jar:/Users/applea1278/.m2/repository/com/google/errorprone/error_prone_annotations/2.1.3/error_prone_annotations-2.1.3.jar:/Users/applea1278/.m2/repository/com/google/j2objc/j2objc-annotations/1.1/j2objc-annotations-1.1.jar:/Users/applea1278/.m2/repository/org/codehaus/mojo/animal-sniffer-annotations/1.14/animal-sniffer-annotations-1.14.jar:/Users/applea1278/.m2/repository/org/apache/httpcomponents/httpclient/4.5.3/httpclient-4.5.3.jar:/Users/applea1278/.m2/repository/org/apache/httpcomponents/httpcore/4.4.6/httpcore-4.4.6.jar:/Users/applea1278/.m2/repository/com/squareup/okhttp3/okhttp/3.9.1/okhttp-3.9.1.jar:/Users/applea1278/.m2/repository/com/squareup/okio/okio/1.13.0/okio-1.13.0.jar:/Users/applea1278/.m2/repository/info/cukes/cucumber-java/1.2.5/cucumber-java-1.2.5.jar:/Users/applea1278/.m2/repository/info/cukes/cucumber-core/1.2.5/cucumber-core-1.2.5.jar:/Users/applea1278/.m2/repository/info/cukes/cucumber-html/0.2.3/cucumber-html-0.2.3.jar:/Users/applea1278/.m2/repository/info/cukes/gherkin/2.12.2/gherkin-2.12.2.jar:/Users/applea1278/.m2/repository/info/cukes/cucumber-jvm-deps/1.0.5/cucumber-jvm-deps-1.0.5.jar:/Users/applea1278/.m2/repository/info/cukes/cucumber-testng/1.2.5/cucumber-testng-1.2.5.jar:/Users/applea1278/.m2/repository/net/masterthought/cucumber-reporting/3.8.0/cucumber-reporting-3.8.0.jar:/Users/applea1278/.m2/repository/org/apache/logging/log4j/log4j-api/2.6/log4j-api-2.6.jar:/Users/applea1278/.m2/repository/org/apache/logging/log4j/log4j-core/2.6/log4j-core-2.6.jar:/Users/applea1278/.m2/repository/com/fasterxml/jackson/core/jackson-databind/2.8.5/jackson-databind-2.8.5.jar:/Users/applea1278/.m2/repository/com/fasterxml/jackson/core/jackson-annotations/2.8.0/jackson-annotations-2.8.0.jar:/Users/applea1278/.m2/repository/com/fasterxml/jackson/core/jackson-core/2.8.5/jackson-core-2.8.5.jar:/Users/applea1278/.m2/repository/org/apache/velocity/velocity/1.7/velocity-1.7.jar:/Users/applea1278/.m2/repository/commons-collections/commons-collections/3.2.1/commons-collections-3.2.1.jar:/Users/applea1278/.m2/repository/commons-lang/commons-lang/2.4/commons-lang-2.4.jar:/Users/applea1278/.m2/repository/velocity-tools/velocity-tools/1.4/velocity-tools-1.4.jar:/Users/applea1278/.m2/repository/joda-time/joda-time/2.9.6/joda-time-2.9.6.jar:/Users/applea1278/.m2/repository/org/apache/commons/commons-lang3/3.5/commons-lang3-3.5.jar:/Users/applea1278/.m2/repository/commons-io/commons-io/2.5/commons-io-2.5.jar:/Users/applea1278/.m2/repository/net/lingala/zip4j/zip4j/1.3.2/zip4j-1.3.2.jar:/Users/applea1278/.m2/repository/org/codehaus/plexus/plexus-utils/3.0.24/plexus-utils-3.0.24.jar:/Users/applea1278/.m2/repository/org/jsoup/jsoup/1.10.1/jsoup-1.10.1.jar:/Users/applea1278/.m2/repository/com/googlecode/owasp-java-html-sanitizer/owasp-java-html-sanitizer/20160924.1/owasp-java-html-sanitizer-20160924.1.jar:"/>
    <property name="sun.cpu.endian" value="little"/>
    <property name="user.home" value="/Users/applea1278"/>
    <property name="user.language" value="en"/>
    <property name="java.specification.vendor" value="Oracle Corporation"/>
    <property name="java.version.date" value="2020-10-20"/>
    <property name="java.home" value="/Users/applea1278/Library/Java/JavaVirtualMachines/openjdk-15.0.1/Contents/Home"/>
    <property name="file.separator" value="/"/>
    <property name="basedir" value="/Users/applea1278/Downloads/Cucumber-TestNG-Selenium-zebrunner"/>
    <property name="java.vm.compressedOopsMode" value="Zero based"/>
    <property name="line.separator" value="&#10;"/>
    <property name="java.specification.name" value="Java Platform API Specification"/>
    <property name="java.vm.specification.vendor" value="Oracle Corporation"/>
    <property name="surefire.real.class.path" value="/Users/applea1278/Downloads/Cucumber-TestNG-Selenium-zebrunner/target/surefire/surefirebooter12278330192466072519.jar"/>
    <property name="sun.management.compiler" value="HotSpot 64-Bit Tiered Compilers"/>
    <property name="ftp.nonProxyHosts" value="local|*.local|169.254/16|*.169.254/16"/>
    <property name="java.runtime.version" value="15.0.1+9-18"/>
    <property name="user.name" value="applea1278"/>
    <property name="path.separator" value=":"/>
    <property name="os.version" value="10.15.4"/>
    <property name="java.runtime.name" value="OpenJDK Runtime Environment"/>
    <property name="file.encoding" value="UTF-8"/>
    <property name="java.vm.name" value="OpenJDK 64-Bit Server VM"/>
    <property name="localRepository" value="/Users/applea1278/.m2/repository"/>
    <property name="java.vendor.url.bug" value="https://bugreport.java.com/bugreport/"/>
    <property name="java.io.tmpdir" value="/var/folders/ky/ldss71v97v37mlb6l13p3mmm0000gn/T/"/>
    <property name="java.version" value="15.0.1"/>
    <property name="user.dir" value="/Users/applea1278/Downloads/Cucumber-TestNG-Selenium-zebrunner"/>
    <property name="os.arch" value="x86_64"/>
    <property name="java.vm.specification.name" value="Java Virtual Machine Specification"/>
    <property name="java.library.path" value="/Users/applea1278/Library/Java/Extensions:/Library/Java/Extensions:/Network/Library/Java/Extensions:/System/Library/Java/Extensions:/usr/lib/java:."/>
    <property name="java.vm.info" value="mixed mode, sharing"/>
    <property name="java.vendor" value="Oracle Corporation"/>
    <property name="java.vm.version" value="15.0.1+9-18"/>
    <property name="sun.io.unicode.encoding" value="UnicodeBig"/>
    <property name="socksNonProxyHosts" value="local|*.local|169.254/16|*.169.254/16"/>
    <property name="java.class.version" value="59.0"/>
  </properties>
  <testcase name="feature" classname="MyRunner.TestRunner" time="26.666"/>
</testsuite>