<?xml version="1.0" encoding="UTF-8"?>
<!-- Generated by org.testng.reporters.JUnitReportReporter -->
<testsuite hostname="AppleA1278s-MacBook-Pro.local" failures="0" tests="1" name="MyRunner.TestRunner" time="26.663" errors="0" timestamp="2021-04-20T18:32:04 IST" skipped="0">
  <testcase classname="MyRunner.TestRunner" name="feature" time="26.663"/>
  <system-out/>
</testsuite> <!-- MyRunner.TestRunner -->
